<?xml version="1.0" encoding="UTF-8"?>
<!-- Generated by org.testng.reporters.JUnitReportReporter -->
<testsuite hostname="HJNZL001711" failures="0" tests="1" name="com.FilpkartApplication.TestCases.TC_Verify_flipkartApplication" time="12.222" errors="0" timestamp="17 Dec 2021 11:25:22 GMT" skipped="0">
  <testcase classname="com.FilpkartApplication.TestCases.TC_Verify_flipkartApplication" name="Search_Mobiles" time="12.222"/>
</testsuite> <!-- com.FilpkartApplication.TestCases.TC_Verify_flipkartApplication -->
